<?xml version="1.0" encoding="UTF-8"?>
<testng-results ignored="0" total="1" passed="1" failed="0" skipped="0">
  <reporter-output>
  </reporter-output>
  <suite started-at="2025-07-14T19:16:46 IST" name="Default suite" finished-at="2025-07-14T19:19:09 IST" duration-ms="142499">
    <groups>
    </groups>
    <test started-at="2025-07-14T19:16:46 IST" name="Default test" finished-at="2025-07-14T19:19:09 IST" duration-ms="142499">
      <class name="TestClass.ActListCheckDownlaodPDF">
        <test-method is-config="true" signature="launchBrowser()[pri:0, instance:TestClass.ActListCheckDownlaodPDF@147e2ae7]" started-at="2025-07-14T19:16:46 IST" name="launchBrowser" finished-at="2025-07-14T19:16:58 IST" duration-ms="11317" status="PASS">
          <reporter-output>
          </reporter-output>
        </test-method> <!-- launchBrowser -->
        <test-method signature="verifyFirstDownloadForEachType()[pri:0, instance:TestClass.ActListCheckDownlaodPDF@147e2ae7]" started-at="2025-07-14T19:16:58 IST" name="verifyFirstDownloadForEachType" finished-at="2025-07-14T19:19:08 IST" duration-ms="130619" status="PASS">
          <reporter-output>
          </reporter-output>
        </test-method> <!-- verifyFirstDownloadForEachType -->
        <test-method is-config="true" signature="closeBrowser()[pri:0, instance:TestClass.ActListCheckDownlaodPDF@147e2ae7]" started-at="2025-07-14T19:19:08 IST" name="closeBrowser" finished-at="2025-07-14T19:19:09 IST" duration-ms="430" status="PASS">
          <reporter-output>
          </reporter-output>
        </test-method> <!-- closeBrowser -->
      </class> <!-- TestClass.ActListCheckDownlaodPDF -->
    </test> <!-- Default test -->
  </suite> <!-- Default suite -->
</testng-results>
